f:\c++\grep\grep\debug\vc142.pdb
f:\c++\grep\grep\debug\vc142.idb
f:\c++\grep\grep\debug\main.obj
f:\c++\grep\grep\debug\grep.obj
f:\c++\grep\grep\debug\test.obj
f:\c++\grep\debug\grep.pdb
f:\c++\grep\grep\debug\grep.tlog\cl.command.1.tlog
f:\c++\grep\grep\debug\grep.tlog\cl.read.1.tlog
f:\c++\grep\grep\debug\grep.tlog\cl.write.1.tlog
f:\c++\grep\grep\debug\grep.tlog\link-cvtres.read.1.tlog
f:\c++\grep\grep\debug\grep.tlog\link-cvtres.write.1.tlog
f:\c++\grep\grep\debug\grep.tlog\link-rc.read.1.tlog
f:\c++\grep\grep\debug\grep.tlog\link-rc.write.1.tlog
f:\c++\grep\grep\debug\grep.tlog\link.23772-cvtres.read.1.tlog
f:\c++\grep\grep\debug\grep.tlog\link.23772-cvtres.write.1.tlog
f:\c++\grep\grep\debug\grep.tlog\link.23772-rc.read.1.tlog
f:\c++\grep\grep\debug\grep.tlog\link.23772-rc.write.1.tlog
f:\c++\grep\grep\debug\grep.tlog\link.23772.read.1.tlog
f:\c++\grep\grep\debug\grep.tlog\link.23772.write.1.tlog
f:\c++\grep\grep\debug\grep.tlog\link.command.1.tlog
f:\c++\grep\grep\debug\grep.tlog\link.read.1.tlog
f:\c++\grep\grep\debug\grep.tlog\link.write.1.tlog
